Performing C SOURCE FILE Test CMAKE_HAVE_LIBC_PTHREAD failed with the following output:
Change Dir: /home/user/tp/Sem1/Tp-Sem1-C-CPP/project/.build/CMakeFiles/CMakeTmp

Run Build Command(s):/usr/bin/make cmTC_a321d/fast && /usr/bin/make  -f CMakeFiles/cmTC_a321d.dir/build.make CMakeFiles/cmTC_a321d.dir/build
make[1]: вход в каталог «/home/user/tp/Sem1/Tp-Sem1-C-CPP/project/.build/CMakeFiles/CMakeTmp»
Building C object CMakeFiles/cmTC_a321d.dir/src.c.o
/usr/bin/cc -DCMAKE_HAVE_LIBC_PTHREAD  -Wall -ggdb3  -std=gnu99 -o CMakeFiles/cmTC_a321d.dir/src.c.o -c /home/user/tp/Sem1/Tp-Sem1-C-CPP/project/.build/CMakeFiles/CMakeTmp/src.c
Linking C executable cmTC_a321d
/snap/cmake/805/bin/cmake -E cmake_link_script CMakeFiles/cmTC_a321d.dir/link.txt --verbose=1
/usr/bin/cc  -Wall -ggdb3  CMakeFiles/cmTC_a321d.dir/src.c.o -o cmTC_a321d 
/usr/bin/ld: CMakeFiles/cmTC_a321d.dir/src.c.o: в функции «main»:
/home/user/tp/Sem1/Tp-Sem1-C-CPP/project/.build/CMakeFiles/CMakeTmp/src.c:11: неопределённая ссылка на «pthread_create»
/usr/bin/ld: /home/user/tp/Sem1/Tp-Sem1-C-CPP/project/.build/CMakeFiles/CMakeTmp/src.c:12: неопределённая ссылка на «pthread_detach»
/usr/bin/ld: /home/user/tp/Sem1/Tp-Sem1-C-CPP/project/.build/CMakeFiles/CMakeTmp/src.c:13: неопределённая ссылка на «pthread_cancel»
/usr/bin/ld: /home/user/tp/Sem1/Tp-Sem1-C-CPP/project/.build/CMakeFiles/CMakeTmp/src.c:14: неопределённая ссылка на «pthread_join»
collect2: error: ld returned 1 exit status
make[1]: *** [CMakeFiles/cmTC_a321d.dir/build.make:106: cmTC_a321d] Ошибка 1
make[1]: выход из каталога «/home/user/tp/Sem1/Tp-Sem1-C-CPP/project/.build/CMakeFiles/CMakeTmp»
make: *** [Makefile:140: cmTC_a321d/fast] Ошибка 2


Source file was:
#include <pthread.h>

static void* test_func(void* data)
{
  return data;
}

int main(void)
{
  pthread_t thread;
  pthread_create(&thread, NULL, test_func, NULL);
  pthread_detach(thread);
  pthread_cancel(thread);
  pthread_join(thread, NULL);
  pthread_atfork(NULL, NULL, NULL);
  pthread_exit(NULL);

  return 0;
}

Determining if the function pthread_create exists in the pthreads failed with the following output:
Change Dir: /home/user/tp/Sem1/Tp-Sem1-C-CPP/project/.build/CMakeFiles/CMakeTmp

Run Build Command(s):/usr/bin/make cmTC_0d646/fast && /usr/bin/make  -f CMakeFiles/cmTC_0d646.dir/build.make CMakeFiles/cmTC_0d646.dir/build
make[1]: вход в каталог «/home/user/tp/Sem1/Tp-Sem1-C-CPP/project/.build/CMakeFiles/CMakeTmp»
Building C object CMakeFiles/cmTC_0d646.dir/CheckFunctionExists.c.o
/usr/bin/cc   -Wall -ggdb3 -DCHECK_FUNCTION_EXISTS=pthread_create -std=gnu99 -o CMakeFiles/cmTC_0d646.dir/CheckFunctionExists.c.o -c /snap/cmake/805/share/cmake-3.19/Modules/CheckFunctionExists.c
Linking C executable cmTC_0d646
/snap/cmake/805/bin/cmake -E cmake_link_script CMakeFiles/cmTC_0d646.dir/link.txt --verbose=1
/usr/bin/cc  -Wall -ggdb3 -DCHECK_FUNCTION_EXISTS=pthread_create CMakeFiles/cmTC_0d646.dir/CheckFunctionExists.c.o -o cmTC_0d646  -lpthreads 
/usr/bin/ld: невозможно найти -lpthreads
collect2: error: ld returned 1 exit status
make[1]: *** [CMakeFiles/cmTC_0d646.dir/build.make:106: cmTC_0d646] Ошибка 1
make[1]: выход из каталога «/home/user/tp/Sem1/Tp-Sem1-C-CPP/project/.build/CMakeFiles/CMakeTmp»
make: *** [Makefile:140: cmTC_0d646/fast] Ошибка 2



